[    2196ms] [WARNING] You have set a custom wheel sensitivity.  This will make your app zoom unnaturally when using mainstream mice.  You should change this value from the default only if you can guarantee that all your users will use the same hardware and OS configuration as your current machine. @ http://localhost:3000/static/js/main.0e63bc98.js:1
[   46100ms] [WARNING] You have set a custom wheel sensitivity.  This will make your app zoom unnaturally when using mainstream mice.  You should change this value from the default only if you can guarantee that all your users will use the same hardware and OS configuration as your current machine. @ http://localhost:3000/static/js/main.0e63bc98.js:1
[   46117ms] [ERROR] NotFoundError: Failed to execute 'removeChild' on 'Node': The node to be removed is not a child of this node.
    at ps (http://localhost:3000/static/js/main.0e63bc98.js:2:227378)
    at ds (http://localhost:3000/static/js/main.0e63bc98.js:2:227062)
    at ps (http://localhost:3000/static/js/main.0e63bc98.js:2:227824)
    at ds (http://localhost:3000/static/js/main.0e63bc98.js:2:227062)
    at ps (http://localhost:3000/static/js/main.0e63bc98.js:2:227824)
    at hs (http://localhost:3000/static/js/main.0e63bc98.js:2:228635)
    at vs (http://localhost:3000/static/js/main.0e63bc98.js:2:229095)
    at hs (http://localhost:3000/static/js/main.0e63bc98.js:2:228785)
    at vs (http://localhost:3000/static/js/main.0e63bc98.js:2:228898)
    at hs (http://localhost:3000/static/js/main.0e63bc98.js:2:228785) @ http://localhost:3000/static/js/main.0e63bc98.js:1
[   46118ms] NotFoundError: Failed to execute 'removeChild' on 'Node': The node to be removed is not a child of this node.
    at ps (http://localhost:3000/static/js/main.0e63bc98.js:2:227378)
    at ds (http://localhost:3000/static/js/main.0e63bc98.js:2:227062)
    at ps (http://localhost:3000/static/js/main.0e63bc98.js:2:227824)
    at ds (http://localhost:3000/static/js/main.0e63bc98.js:2:227062)
    at ps (http://localhost:3000/static/js/main.0e63bc98.js:2:227824)
    at hs (http://localhost:3000/static/js/main.0e63bc98.js:2:228635)
    at vs (http://localhost:3000/static/js/main.0e63bc98.js:2:229095)
    at hs (http://localhost:3000/static/js/main.0e63bc98.js:2:228785)
    at vs (http://localhost:3000/static/js/main.0e63bc98.js:2:228898)
    at hs (http://localhost:3000/static/js/main.0e63bc98.js:2:228785)
[   52506ms] [WARNING] You have set a custom wheel sensitivity.  This will make your app zoom unnaturally when using mainstream mice.  You should change this value from the default only if you can guarantee that all your users will use the same hardware and OS configuration as your current machine. @ http://localhost:3000/static/js/main.0e63bc98.js:1
[   54912ms] [WARNING] You have set a custom wheel sensitivity.  This will make your app zoom unnaturally when using mainstream mice.  You should change this value from the default only if you can guarantee that all your users will use the same hardware and OS configuration as your current machine. @ http://localhost:3000/static/js/main.0e63bc98.js:1
[   54928ms] [ERROR] NotFoundError: Failed to execute 'removeChild' on 'Node': The node to be removed is not a child of this node.
    at ps (http://localhost:3000/static/js/main.0e63bc98.js:2:227378)
    at ds (http://localhost:3000/static/js/main.0e63bc98.js:2:227062)
    at ps (http://localhost:3000/static/js/main.0e63bc98.js:2:227824)
    at ds (http://localhost:3000/static/js/main.0e63bc98.js:2:227062)
    at ps (http://localhost:3000/static/js/main.0e63bc98.js:2:227824)
    at hs (http://localhost:3000/static/js/main.0e63bc98.js:2:228635)
    at vs (http://localhost:3000/static/js/main.0e63bc98.js:2:229095)
    at hs (http://localhost:3000/static/js/main.0e63bc98.js:2:228785)
    at vs (http://localhost:3000/static/js/main.0e63bc98.js:2:228898)
    at hs (http://localhost:3000/static/js/main.0e63bc98.js:2:228785) @ http://localhost:3000/static/js/main.0e63bc98.js:1
[   54929ms] NotFoundError: Failed to execute 'removeChild' on 'Node': The node to be removed is not a child of this node.
    at ps (http://localhost:3000/static/js/main.0e63bc98.js:2:227378)
    at ds (http://localhost:3000/static/js/main.0e63bc98.js:2:227062)
    at ps (http://localhost:3000/static/js/main.0e63bc98.js:2:227824)
    at ds (http://localhost:3000/static/js/main.0e63bc98.js:2:227062)
    at ps (http://localhost:3000/static/js/main.0e63bc98.js:2:227824)
    at hs (http://localhost:3000/static/js/main.0e63bc98.js:2:228635)
    at vs (http://localhost:3000/static/js/main.0e63bc98.js:2:229095)
    at hs (http://localhost:3000/static/js/main.0e63bc98.js:2:228785)
    at vs (http://localhost:3000/static/js/main.0e63bc98.js:2:228898)
    at hs (http://localhost:3000/static/js/main.0e63bc98.js:2:228785)
